CCS PCH C Compiler, Version 5.008, 5967               16-mar.-18 16:44

               Filename:   C:\Users\aulas\Desktop\Pruebas\ccs10.lst

               ROM used:   56 bytes (0%)
                           Largest free fragment is 30660
               RAM used:   4 (0%) at main() level
                           4 (0%) worst case
               Stack used: 0 locations
               Stack size: 31

*
0800:  GOTO   0808
.................... #include <tarjeta.h> 
....................  
.................... #ifndef _TARJETA_ 
.................... #define _TARJETA_ 
....................  
.................... #include <18F4550.h> 
.................... //////// Standard Header file for the PIC18F4550 device //////////////// 
.................... #device PIC18F4550 
....................  
.................... #list 
....................  
....................  
.................... #fuses USBDIV, CPUDIV1, PLL5, HSPLL, NOFCMEN, NOIESO, VREGEN, BORV21, BROWNOUT, NOPUT, WDT32768, NOWDT 
.................... #fuses MCLR, NOLPT1OSC, NOPBADEN, CCP2C1, NODEBUG, NOXINST, NOICPRT, NOLVP, STVREN, NOPROTECT, NOCPD 
.................... #fuses NOCPB, NOWRT, NOWRTD, WRTB, NOWRTC, NOEBTR, NOEBTRB 
....................  
.................... /*********************************************************** 
....................       EVITAMOS LA ZONA DE MEMORIA ASIGNADA AL MONITOR 
.................... ***********************************************************/ 
....................  
.................... #define LOADER_END   0x7FF 
.................... #define LOADER_SIZE   0x6FF 
....................  
.................... #build(reset=LOADER_END+1, interrupt=LOADER_END+9) 
.................... #org 0, LOADER_END {} 
.................... //#org 0x82A, 0x7FFF 
....................  
....................  
.................... /*********************************************************** 
....................            FUNCIONES PARA MOVER LOS MOTORES 
.................... MX_H() : Mueve el motor en sentido horario 
.................... MX_A() : Mueve el motor en sentido anti-horario 
.................... MX_P() : Para el motor 
.................... ***********************************************************/ 
....................  
.................... void M1_A(){ 
....................    output_high(PIN_A1); 
....................    output_high(PIN_D7); 
....................    output_low(PIN_D6); 
.................... } 
....................  
.................... void M1_H(){ 
....................    output_high(PIN_A1); 
....................    output_low(PIN_D7); 
....................    output_high(PIN_D6); 
.................... } 
....................  
.................... void M1_P(){ 
....................    output_high(PIN_A1); 
....................    output_low(PIN_D7); 
....................    output_low(PIN_D6); 
.................... } 
....................  
.................... void M2_A(){ 
....................    output_high(PIN_A0); 
....................    output_high(PIN_C2); 
....................    output_low(PIN_D5); 
.................... } 
....................  
.................... void M2_H(){ 
....................    output_high(PIN_A0); 
....................    output_low(PIN_C2); 
....................    output_high(PIN_D5); 
.................... } 
....................  
.................... void M2_P(){ 
....................    output_high(PIN_A0); 
....................    output_low(PIN_C2); 
....................    output_low(PIN_D5); 
.................... } 
....................  
.................... void M3_A(){ 
....................    output_high(PIN_A2); 
....................    output_low(PIN_B2); 
....................    output_high(PIN_E0); 
.................... } 
....................  
.................... void M3_H(){ 
....................    output_high(PIN_A2); 
....................    output_high(PIN_B2); 
....................    output_low(PIN_E0); 
.................... } 
....................  
.................... void M3_P(){ 
....................    output_high(PIN_A2); 
....................    output_low(PIN_B2); 
....................    output_low(PIN_E0); 
.................... } 
....................  
.................... void M4_A(){ 
....................    output_high(PIN_A3); 
....................    output_low(PIN_E2); 
....................    output_high(PIN_E1); 
.................... } 
....................  
.................... void M4_H(){ 
....................    output_high(PIN_A3); 
....................    output_high(PIN_E2); 
....................    output_low(PIN_E1); 
.................... } 
....................  
.................... void M4_P(){ 
....................    output_high(PIN_A3); 
....................    output_low(PIN_E2); 
....................    output_low(PIN_E1); 
.................... } 
....................  
....................  
.................... /*********************************************************** 
....................             MACRO PARA LEER EL PULSADOR P2 
.................... ***********************************************************/ 
....................  
.................... #define P2   (!input(PIN_B4)) 
....................  
.................... /*********************************************************** 
....................               MACROS PARA MANEJAR EL LED 
.................... ***********************************************************/ 
....................  
.................... #define led_on()   output_high(PIN_A5) 
.................... #define led_off()   output_low(PIN_A5) 
....................  
.................... /*********************************************************** 
....................            DEFINICION DE LAS E/S DIRECTAS 
.................... ***********************************************************/ 
....................  
.................... #define ES0   PIN_A4 
.................... #define ES1   PIN_B3 
.................... #define ES2   PIN_B5 
.................... #define ES3   PIN_B6 
.................... #define ES4   PIN_B7 
.................... #define ES5   PIN_C7 
.................... #define ES6   PIN_C6 
.................... #define ES7   PIN_C1 
.................... #define ES8   PIN_C0 
....................  
.................... /*********************************************************** 
....................         MACROS PARA LEER LOS SENSORES FIJOS INX 
.................... ***********************************************************/ 
....................  
.................... #define IN1      input(PIN_D0) 
.................... #define IN2      input(PIN_D1) 
.................... #define IN3      input(PIN_D2) 
.................... #define IN4      input(PIN_D3) 
.................... #define IN5      input(PIN_D4) 
.................... //IN6 ES UNA E/S CONFIGURABLE 
.................... //#define IN6      input(ES0) 
.................... //#define IN6      input(ES1) 
.................... // ... O CUALQUIER OTRA E/S DIRECTA 
....................  
.................... /*********************************************************** 
....................             DIRECTIVA PARA EL USO DEL I2C 
.................... ***********************************************************/ 
.................... #use I2C(master, sda=PIN_B0, scl=PIN_B1) 
....................  
.................... #endif 
....................  
....................  
....................  
.................... void main(){ 
*
0808:  CLRF   FF8
080A:  BCF    FD0.7
080C:  MOVF   FC1,W
080E:  ANDLW  C0
0810:  IORLW  0F
0812:  MOVWF  FC1
0814:  MOVLW  07
0816:  MOVWF  FB4
....................  
....................    while (1) {  
....................     
....................       if (IN1)  
0818:  BSF    F95.0
081A:  BTFSS  F83.0
081C:  BRA    0824
....................          led_on();  
081E:  BCF    F92.5
0820:  BSF    F89.5
0822:  BRA    0828
....................       else  
....................          led_off();  
0824:  BCF    F92.5
0826:  BCF    F89.5
....................           
....................       if (IN2)  
0828:  BSF    F95.1
082A:  BTFSS  F83.1
082C:  BRA    0834
....................          led_on();  
082E:  BCF    F92.5
0830:  BSF    F89.5
0832:  BRA    0838
....................       else  
....................          led_off(); 
0834:  BCF    F92.5
0836:  BCF    F89.5
0838:  BRA    0818
....................     
....................    } 
.................... //!   setup_timer_0(RTCC_INTERNAL); 
.................... //!   enable_interrupts(INT_TIMER0); 
.................... //!   enable_interrupts(GLOBAL);     
.................... //!   while(TRUE){ 
.................... //!      if(P2) pwm += 10;  
....................     
.................... } 
....................  
083A:  SLEEP 

Configuration Fuses:
   Word  1: 0E24   PLL5 CPUDIV1 USBDIV HSPLL NOFCMEN NOIESO
   Word  2: 1E3F   NOPUT BROWNOUT BORV21 VREGEN NOWDT WDT32768
   Word  3: 8100   CCP2C1 NOPBADEN NOLPT1OSC MCLR
   Word  4: 0081   STVREN NOLVP ICSP1 NOXINST NODEBUG
   Word  5: C00F   NOPROTECT NOCPB NOCPD
   Word  6: A00F   NOWRT NOWRTC WRTB NOWRTD
   Word  7: 400F   NOEBTR NOEBTRB
