
ROM used:   140/16384 (0%)
            144/16384 (0%) including unused fragments

            0.1 Average locations per line
            3.1 Average locations per statement

RAM used:   7/2048 (0%) at main() level
            8/2048 (0%) worst case

Stack used: 1 worst case (1 in main + 0 for interrupts)
Stack size: 31

Lines Stmts  %   Files
----- ----- ---  -----
   19     9  20  ccs5.c
  150    36  80  tarjeta.h
  821     0   0  ..\..\..\..\Program Files (x86)\PICC\Devices\18F4550.h
----- -----
  990    45 Total

Page ROM  %  RAM   Vol Diff  Functions:
---- --- --- ---   --- ----  ----------
0     40  14    1    88  2.7  @delay_ms1
0     96  34    1   152  3.0  MAIN
 Inline         0             @cinit1

Program metrics:
    Functions               2
    Statements              45
    Comments                171
    Volume (V)              296
    Difficulty (D)          5.6
    Effort to implement (E) 1658
    Time to implement (T)   2 minutes
    Est Delivered Bugs (B)  0
    Cyclomatic Complexity   2
    Maintainability (MI)    143

 Segment     Used  Free
-----------  ----  ----
00000-007FE     0  2048  
00800-00806     4  4  
00808-07FFE   136  30576  



