
ROM used:   204/16384 (1%)
            208/16384 (1%) including unused fragments

            0.2 Average locations per line
            4.6 Average locations per statement

RAM used:   22/2048 (1%) at main() level
            22/2048 (1%) worst case

Stack used: 1 worst case (0 in main + 1 for interrupts)
Stack size: 31

Lines Stmts  %   Files
----- ----- ---  -----
   17     8  18  ccs6.c
  150    36  82  tarjeta.h
  821     0   0  ..\..\..\..\Program Files (x86)\PICC\Devices\18F4550.h
----- -----
  988    44 Total

Page ROM  %  RAM   Vol Diff  Functions:
---- --- --- ---   --- ----  ----------
0     18   4    0    32  1.0  isr_tmr0
0     40  10    0    98  2.1  MAIN
 Inline         0   152  3.0  @cinit1

Program metrics:
    Functions               3
    Statements              44
    Comments                171
    Volume (V)              380
    Difficulty (D)          6.1
    Effort to implement (E) 2330
    Time to implement (T)   2 minutes
    Est Delivered Bugs (B)  0
    Cyclomatic Complexity   1
    Maintainability (MI)    64

 Segment     Used  Free
-----------  ----  ----
00000-007FE     0  2048  
00800-00806     4  4  
00808-00894   142  0  
00896-07FFE    58  30512  



