
ROM used:   232/16384 (1%)
            236/16384 (1%) including unused fragments

            0.2 Average locations per line
            4.5 Average locations per statement

RAM used:   24/2048 (1%) at main() level
            24/2048 (1%) worst case

Stack used: 1 worst case (0 in main + 1 for interrupts)
Stack size: 31

Lines Stmts  %   Files
----- ----- ---  -----
   30    15  29  ccs9.c
  150    36  71  tarjeta.h
  821     0   0  C:\Program Files (x86)\PICC\Devices\18F4550.h
----- -----
 1001    51 Total

Page ROM  %  RAM   Vol Diff  Functions:
---- --- --- ---   --- ----  ----------
0     32   7    0    96  2.9  isr_tmr0
0     54  12    0   169  3.0  MAIN
 Inline         0             @cinit1

Program metrics:
    Functions               2
    Statements              51
    Comments                171
    Volume (V)              327
    Difficulty (D)          5.7
    Effort to implement (E) 1864
    Time to implement (T)   2 minutes
    Est Delivered Bugs (B)  0
    Cyclomatic Complexity   2
    Maintainability (MI)    141

 Segment     Used  Free
-----------  ----  ----
00000-007FE     0  2048  
00800-00806     4  4  
00808-00894   142  0  
00896-07FFE    86  30484  



